# JRE version: Java(TM) SE Runtime Environment (9.0+11) (build 9.0.4+11)
# Java VM: Java HotSpot(TM) 64-Bit Server VM (9.0.4+11, mixed mode, tiered, compressed oops, g1 gc, linux-amd64)
Heap:
 garbage-first heap   total 380928K, used 15299K [0x0000000085200000, 0x0000000085300ba0, 0x0000000100000000)
  region size 1024K, 2 young (2048K), 2 survivors (2048K)
 Metaspace       used 10609K, capacity 11158K, committed 11392K, reserved 1058816K
  class space    used 991K, capacity 1099K, committed 1152K, reserved 1048576K
GC Heap History (7 events):
Event: 2.592 GC heap before
{Heap before GC invocations=0 (full 0):
 garbage-first heap   total 126976K, used 14336K [0x0000000085200000, 0x00000000853003e0, 0x0000000100000000)
  region size 1024K, 14 young (14336K), 0 survivors (0K)
 Metaspace       used 10257K, capacity 10826K, committed 10880K, reserved 1058816K
  class space    used 980K, capacity 1099K, committed 1152K, reserved 1048576K
}
Event: 2.608 GC heap after
{Heap after GC invocations=1 (full 0):
 garbage-first heap   total 126976K, used 2596K [0x0000000085200000, 0x00000000853003e0, 0x0000000100000000)
  region size 1024K, 2 young (2048K), 2 survivors (2048K)
 Metaspace       used 10257K, capacity 10826K, committed 10880K, reserved 1058816K
  class space    used 980K, capacity 1099K, committed 1152K, reserved 1048576K
}
Event: 3.178 GC heap before
{Heap before GC invocations=1 (full 0):
 garbage-first heap   total 126976K, used 76324K [0x0000000085200000, 0x00000000853003e0, 0x0000000100000000)
  region size 1024K, 74 young (75776K), 2 survivors (2048K)
 Metaspace       used 10467K, capacity 11030K, committed 11136K, reserved 1058816K
  class space    used 983K, capacity 1099K, committed 1152K, reserved 1048576K
}
Event: 3.197 GC heap after
{Heap after GC invocations=2 (full 0):
 garbage-first heap   total 126976K, used 6179K [0x0000000085200000, 0x00000000853003e0, 0x0000000100000000)
  region size 1024K, 6 young (6144K), 6 survivors (6144K)
 Metaspace       used 10467K, capacity 11030K, committed 11136K, reserved 1058816K
  class space    used 983K, capacity 1099K, committed 1152K, reserved 1048576K
}
Event: 3.778 GC heap before
{Heap before GC invocations=2 (full 0):
 garbage-first heap   total 126976K, used 75811K [0x0000000085200000, 0x00000000853003e0, 0x0000000100000000)
  region size 1024K, 74 young (75776K), 6 survivors (6144K)
 Metaspace       used 10601K, capacity 11158K, committed 11392K, reserved 1058816K
  class space    used 991K, capacity 1099K, committed 1152K, reserved 1048576K
}
Event: 3.822 GC heap after
{Heap after GC invocations=3 (full 0):
 garbage-first heap   total 126976K, used 13714K [0x0000000085200000, 0x00000000853003e0, 0x0000000100000000)
  region size 1024K, 10 young (10240K), 10 survivors (10240K)
 Metaspace       used 10601K, capacity 11158K, committed 11392K, reserved 1058816K
  class space    used 991K, capacity 1099K, committed 1152K, reserved 1048576K
}
Event: 4.561 GC heap before
{Heap before GC invocations=3 (full 0):
 garbage-first heap   total 126976K, used 32146K [0x0000000085200000, 0x00000000853003e0, 0x0000000100000000)
  region size 1024K, 28 young (28672K), 10 survivors (10240K)
 Metaspace       used 10609K, capacity 11158K, committed 11392K, reserved 1058816K
  class space    used 991K, capacity 1099K, committed 1152K, reserved 1048576K
}

