# JRE version: Java(TM) SE Runtime Environment (9.0+11) (build 9.0.4+11)
# Java VM: Java HotSpot(TM) 64-Bit Server VM (9.0.4+11, mixed mode, tiered, compressed oops, g1 gc, linux-amd64)
Heap:
 garbage-first heap   total 380928K, used 11475K [0x0000000085200000, 0x0000000085300ba0, 0x0000000100000000)
  region size 1024K, 1 young (1024K), 1 survivors (1024K)
 Metaspace       used 10513K, capacity 11094K, committed 11392K, reserved 1058816K
  class space    used 986K, capacity 1099K, committed 1152K, reserved 1048576K
GC Heap History (10 events):
Event: 11.075 GC heap after
{Heap after GC invocations=3 (full 0):
 garbage-first heap   total 126976K, used 4896K [0x0000000085200000, 0x00000000853003e0, 0x0000000100000000)
  region size 1024K, 3 young (3072K), 3 survivors (3072K)
 Metaspace       used 10391K, capacity 10934K, committed 11136K, reserved 1058816K
  class space    used 981K, capacity 1067K, committed 1152K, reserved 1048576K
}
Event: 12.637 GC heap before
{Heap before GC invocations=3 (full 0):
 garbage-first heap   total 126976K, used 39712K [0x0000000085200000, 0x00000000853003e0, 0x0000000100000000)
  region size 1024K, 37 young (37888K), 3 survivors (3072K)
 Metaspace       used 10456K, capacity 11030K, committed 11136K, reserved 1058816K
  class space    used 984K, capacity 1099K, committed 1152K, reserved 1048576K
}
Event: 12.644 GC heap after
{Heap after GC invocations=4 (full 0):
 garbage-first heap   total 126976K, used 6091K [0x0000000085200000, 0x00000000853003e0, 0x0000000100000000)
  region size 1024K, 4 young (4096K), 4 survivors (4096K)
 Metaspace       used 10456K, capacity 11030K, committed 11136K, reserved 1058816K
  class space    used 984K, capacity 1099K, committed 1152K, reserved 1048576K
}
Event: 18.692 GC heap before
{Heap before GC invocations=4 (full 0):
 garbage-first heap   total 126976K, used 77771K [0x0000000085200000, 0x00000000853003e0, 0x0000000100000000)
  region size 1024K, 74 young (75776K), 4 survivors (4096K)
 Metaspace       used 10506K, capacity 11094K, committed 11392K, reserved 1058816K
  class space    used 986K, capacity 1099K, committed 1152K, reserved 1048576K
}
Event: 22.017 GC heap after
{Heap after GC invocations=5 (full 0):
 garbage-first heap   total 126976K, used 11272K [0x0000000085200000, 0x00000000853003e0, 0x0000000100000000)
  region size 1024K, 9 young (9216K), 9 survivors (9216K)
 Metaspace       used 10506K, capacity 11094K, committed 11392K, reserved 1058816K
  class space    used 986K, capacity 1099K, committed 1152K, reserved 1048576K
}
Event: 27.588 GC heap before
{Heap before GC invocations=5 (full 0):
 garbage-first heap   total 126976K, used 12296K [0x0000000085200000, 0x00000000853003e0, 0x0000000100000000)
  region size 1024K, 10 young (10240K), 9 survivors (9216K)
 Metaspace       used 10513K, capacity 11094K, committed 11392K, reserved 1058816K
  class space    used 986K, capacity 1099K, committed 1152K, reserved 1048576K
}
Event: 29.333 GC heap after
{Heap after GC invocations=6 (full 0):
 garbage-first heap   total 126976K, used 12028K [0x0000000085200000, 0x00000000853003e0, 0x0000000100000000)
  region size 1024K, 1 young (1024K), 1 survivors (1024K)
 Metaspace       used 10513K, capacity 11094K, committed 11392K, reserved 1058816K
  class space    used 986K, capacity 1099K, committed 1152K, reserved 1048576K
}
Event: 58.253 GC heap before
{Heap before GC invocations=6 (full 0):
 garbage-first heap   total 126976K, used 17148K [0x0000000085200000, 0x00000000853003e0, 0x0000000100000000)
  region size 1024K, 6 young (6144K), 1 survivors (1024K)
 Metaspace       used 10513K, capacity 11094K, committed 11392K, reserved 1058816K
  class space    used 986K, capacity 1099K, committed 1152K, reserved 1048576K
}
Event: 63.494 GC heap after
{Heap after GC invocations=7 (full 0):
 garbage-first heap   total 126976K, used 11360K [0x0000000085200000, 0x00000000853003e0, 0x0000000100000000)
  region size 1024K, 1 young (1024K), 1 survivors (1024K)
 Metaspace       used 10513K, capacity 11094K, committed 11392K, reserved 1058816K
  class space    used 986K, capacity 1099K, committed 1152K, reserved 1048576K
}
Event: 146.000 GC heap before
{Heap before GC invocations=7 (full 0):
 garbage-first heap   total 126976K, used 16480K [0x0000000085200000, 0x00000000853003e0, 0x0000000100000000)
  region size 1024K, 6 young (6144K), 1 survivors (1024K)
 Metaspace       used 10513K, capacity 11094K, committed 11392K, reserved 1058816K
  class space    used 986K, capacity 1099K, committed 1152K, reserved 1048576K
}

