# JRE version: Java(TM) SE Runtime Environment (9.0+11) (build 9.0.4+11)
# Java VM: Java HotSpot(TM) 64-Bit Server VM (9.0.4+11, mixed mode, tiered, compressed oops, g1 gc, linux-amd64)
Heap:
 garbage-first heap   total 380928K, used 5110K [0x0000000085200000, 0x0000000085300ba0, 0x0000000100000000)
  region size 1024K, 1 young (1024K), 1 survivors (1024K)
 Metaspace       used 10373K, capacity 10934K, committed 11136K, reserved 1058816K
  class space    used 978K, capacity 1067K, committed 1152K, reserved 1048576K
GC Heap History (7 events):
Event: 8.848 GC heap before
{Heap before GC invocations=0 (full 0):
 garbage-first heap   total 126976K, used 14336K [0x0000000085200000, 0x00000000853003e0, 0x0000000100000000)
  region size 1024K, 14 young (14336K), 0 survivors (0K)
 Metaspace       used 10232K, capacity 10794K, committed 10880K, reserved 1058816K
  class space    used 978K, capacity 1067K, committed 1152K, reserved 1048576K
}
Event: 8.928 GC heap after
{Heap after GC invocations=1 (full 0):
 garbage-first heap   total 126976K, used 2775K [0x0000000085200000, 0x00000000853003e0, 0x0000000100000000)
  region size 1024K, 2 young (2048K), 2 survivors (2048K)
 Metaspace       used 10232K, capacity 10794K, committed 10880K, reserved 1058816K
  class space    used 978K, capacity 1067K, committed 1152K, reserved 1048576K
}
Event: 9.241 GC heap before
{Heap before GC invocations=1 (full 0):
 garbage-first heap   total 126976K, used 32471K [0x0000000085200000, 0x00000000853003e0, 0x0000000100000000)
  region size 1024K, 31 young (31744K), 2 survivors (2048K)
 Metaspace       used 10323K, capacity 10858K, committed 11136K, reserved 1058816K
  class space    used 978K, capacity 1067K, committed 1152K, reserved 1048576K
}
Event: 9.440 GC heap after
{Heap after GC invocations=2 (full 0):
 garbage-first heap   total 126976K, used 4701K [0x0000000085200000, 0x00000000853003e0, 0x0000000100000000)
  region size 1024K, 4 young (4096K), 4 survivors (4096K)
 Metaspace       used 10323K, capacity 10858K, committed 11136K, reserved 1058816K
  class space    used 978K, capacity 1067K, committed 1152K, reserved 1048576K
}
Event: 9.575 GC heap before
{Heap before GC invocations=2 (full 0):
 garbage-first heap   total 126976K, used 6749K [0x0000000085200000, 0x00000000853003e0, 0x0000000100000000)
  region size 1024K, 6 young (6144K), 4 survivors (4096K)
 Metaspace       used 10329K, capacity 10862K, committed 11136K, reserved 1058816K
  class space    used 978K, capacity 1067K, committed 1152K, reserved 1048576K
}
Event: 9.609 GC heap after
{Heap after GC invocations=3 (full 0):
 garbage-first heap   total 126976K, used 5143K [0x0000000085200000, 0x00000000853003e0, 0x0000000100000000)
  region size 1024K, 1 young (1024K), 1 survivors (1024K)
 Metaspace       used 10329K, capacity 10862K, committed 11136K, reserved 1058816K
  class space    used 978K, capacity 1067K, committed 1152K, reserved 1048576K
}
Event: 9.840 GC heap before
{Heap before GC invocations=3 (full 0):
 garbage-first heap   total 126976K, used 18455K [0x0000000085200000, 0x00000000853003e0, 0x0000000100000000)
  region size 1024K, 14 young (14336K), 1 survivors (1024K)
 Metaspace       used 10373K, capacity 10934K, committed 11136K, reserved 1058816K
  class space    used 978K, capacity 1067K, committed 1152K, reserved 1048576K
}

