# JRE version: Java(TM) SE Runtime Environment (9.0+11) (build 9.0.4+11)
# Java VM: Java HotSpot(TM) 64-Bit Server VM (9.0.4+11, mixed mode, tiered, compressed oops, g1 gc, linux-amd64)
Heap:
 garbage-first heap   total 380928K, used 10893K [0x0000000085200000, 0x0000000085300ba0, 0x0000000100000000)
  region size 1024K, 5 young (5120K), 5 survivors (5120K)
 Metaspace       used 10474K, capacity 11030K, committed 11136K, reserved 1058816K
  class space    used 983K, capacity 1099K, committed 1152K, reserved 1048576K
GC Heap History (7 events):
Event: 6.918 GC heap before
{Heap before GC invocations=0 (full 0):
 garbage-first heap   total 126976K, used 14336K [0x0000000085200000, 0x00000000853003e0, 0x0000000100000000)
  region size 1024K, 14 young (14336K), 0 survivors (0K)
 Metaspace       used 10218K, capacity 10794K, committed 10880K, reserved 1058816K
  class space    used 977K, capacity 1067K, committed 1152K, reserved 1048576K
}
Event: 7.005 GC heap after
{Heap after GC invocations=1 (full 0):
 garbage-first heap   total 126976K, used 2534K [0x0000000085200000, 0x00000000853003e0, 0x0000000100000000)
  region size 1024K, 2 young (2048K), 2 survivors (2048K)
 Metaspace       used 10218K, capacity 10794K, committed 10880K, reserved 1058816K
  class space    used 977K, capacity 1067K, committed 1152K, reserved 1048576K
}
Event: 8.450 GC heap before
{Heap before GC invocations=1 (full 0):
 garbage-first heap   total 126976K, used 76262K [0x0000000085200000, 0x00000000853003e0, 0x0000000100000000)
  region size 1024K, 74 young (75776K), 2 survivors (2048K)
 Metaspace       used 10412K, capacity 11030K, committed 11136K, reserved 1058816K
  class space    used 981K, capacity 1099K, committed 1152K, reserved 1048576K
}
Event: 8.509 GC heap after
{Heap after GC invocations=2 (full 0):
 garbage-first heap   total 126976K, used 6167K [0x0000000085200000, 0x00000000853003e0, 0x0000000100000000)
  region size 1024K, 6 young (6144K), 6 survivors (6144K)
 Metaspace       used 10412K, capacity 11030K, committed 11136K, reserved 1058816K
  class space    used 981K, capacity 1099K, committed 1152K, reserved 1048576K
}
Event: 11.921 GC heap before
{Heap before GC invocations=2 (full 0):
 garbage-first heap   total 126976K, used 75799K [0x0000000085200000, 0x00000000853003e0, 0x0000000100000000)
  region size 1024K, 74 young (75776K), 6 survivors (6144K)
 Metaspace       used 10462K, capacity 11030K, committed 11136K, reserved 1058816K
  class space    used 983K, capacity 1099K, committed 1152K, reserved 1048576K
}
Event: 11.959 GC heap after
{Heap after GC invocations=3 (full 0):
 garbage-first heap   total 126976K, used 8618K [0x0000000085200000, 0x00000000853003e0, 0x0000000100000000)
  region size 1024K, 6 young (6144K), 6 survivors (6144K)
 Metaspace       used 10462K, capacity 11030K, committed 11136K, reserved 1058816K
  class space    used 983K, capacity 1099K, committed 1152K, reserved 1048576K
}
Event: 15.765 GC heap before
{Heap before GC invocations=3 (full 0):
 garbage-first heap   total 126976K, used 78250K [0x0000000085200000, 0x00000000853003e0, 0x0000000100000000)
  region size 1024K, 74 young (75776K), 6 survivors (6144K)
 Metaspace       used 10474K, capacity 11030K, committed 11136K, reserved 1058816K
  class space    used 983K, capacity 1099K, committed 1152K, reserved 1048576K
}

