# JRE version: Java(TM) SE Runtime Environment (9.0+11) (build 9.0.4+11)
# Java VM: Java HotSpot(TM) 64-Bit Server VM (9.0.4+11, mixed mode, tiered, compressed oops, g1 gc, linux-amd64)
Heap:
 garbage-first heap   total 380928K, used 9606K [0x0000000085200000, 0x0000000085300ba0, 0x0000000100000000)
  region size 1024K, 4 young (4096K), 4 survivors (4096K)
 Metaspace       used 10492K, capacity 11094K, committed 11392K, reserved 1058816K
  class space    used 985K, capacity 1099K, committed 1152K, reserved 1048576K
GC Heap History (9 events):
Event: 2.574 GC heap before
{Heap before GC invocations=0 (full 0):
 garbage-first heap   total 126976K, used 14336K [0x0000000085200000, 0x00000000853003e0, 0x0000000100000000)
  region size 1024K, 14 young (14336K), 0 survivors (0K)
 Metaspace       used 10238K, capacity 10794K, committed 10880K, reserved 1058816K
  class space    used 978K, capacity 1067K, committed 1152K, reserved 1048576K
}
Event: 2.581 GC heap after
{Heap after GC invocations=1 (full 0):
 garbage-first heap   total 126976K, used 2602K [0x0000000085200000, 0x00000000853003e0, 0x0000000100000000)
  region size 1024K, 2 young (2048K), 2 survivors (2048K)
 Metaspace       used 10238K, capacity 10794K, committed 10880K, reserved 1058816K
  class space    used 978K, capacity 1067K, committed 1152K, reserved 1048576K
}
Event: 3.514 GC heap before
{Heap before GC invocations=1 (full 0):
 garbage-first heap   total 126976K, used 76330K [0x0000000085200000, 0x00000000853003e0, 0x0000000100000000)
  region size 1024K, 74 young (75776K), 2 survivors (2048K)
 Metaspace       used 10447K, capacity 11030K, committed 11136K, reserved 1058816K
  class space    used 982K, capacity 1099K, committed 1152K, reserved 1048576K
}
Event: 3.531 GC heap after
{Heap after GC invocations=2 (full 0):
 garbage-first heap   total 126976K, used 6478K [0x0000000085200000, 0x00000000853003e0, 0x0000000100000000)
  region size 1024K, 6 young (6144K), 6 survivors (6144K)
 Metaspace       used 10447K, capacity 11030K, committed 11136K, reserved 1058816K
  class space    used 982K, capacity 1099K, committed 1152K, reserved 1048576K
}
Event: 3.886 GC heap before
{Heap before GC invocations=2 (full 0):
 garbage-first heap   total 126976K, used 76110K [0x0000000085200000, 0x00000000853003e0, 0x0000000100000000)
  region size 1024K, 74 young (75776K), 6 survivors (6144K)
 Metaspace       used 10485K, capacity 11094K, committed 11392K, reserved 1058816K
  class space    used 985K, capacity 1099K, committed 1152K, reserved 1048576K
}
Event: 3.908 GC heap after
{Heap after GC invocations=3 (full 0):
 garbage-first heap   total 126976K, used 9659K [0x0000000085200000, 0x00000000853003e0, 0x0000000100000000)
  region size 1024K, 7 young (7168K), 7 survivors (7168K)
 Metaspace       used 10485K, capacity 11094K, committed 11392K, reserved 1058816K
  class space    used 985K, capacity 1099K, committed 1152K, reserved 1048576K
}
Event: 4.022 GC heap before
{Heap before GC invocations=3 (full 0):
 garbage-first heap   total 126976K, used 78267K [0x0000000085200000, 0x00000000853003e0, 0x0000000100000000)
  region size 1024K, 74 young (75776K), 7 survivors (7168K)
 Metaspace       used 10491K, capacity 11094K, committed 11392K, reserved 1058816K
  class space    used 985K, capacity 1099K, committed 1152K, reserved 1048576K
}
Event: 4.033 GC heap after
{Heap after GC invocations=4 (full 0):
 garbage-first heap   total 126976K, used 9595K [0x0000000085200000, 0x00000000853003e0, 0x0000000100000000)
  region size 1024K, 4 young (4096K), 4 survivors (4096K)
 Metaspace       used 10491K, capacity 11094K, committed 11392K, reserved 1058816K
  class space    used 985K, capacity 1099K, committed 1152K, reserved 1048576K
}
Event: 4.443 GC heap before
{Heap before GC invocations=4 (full 0):
 garbage-first heap   total 126976K, used 80251K [0x0000000085200000, 0x00000000853003e0, 0x0000000100000000)
  region size 1024K, 73 young (74752K), 4 survivors (4096K)
 Metaspace       used 10492K, capacity 11094K, committed 11392K, reserved 1058816K
  class space    used 985K, capacity 1099K, committed 1152K, reserved 1048576K
}

