# JRE version: Java(TM) SE Runtime Environment (9.0+11) (build 9.0.4+11)
# Java VM: Java HotSpot(TM) 64-Bit Server VM (9.0.4+11, mixed mode, tiered, compressed oops, g1 gc, linux-amd64)
Heap:
 garbage-first heap   total 380928K, used 14870K [0x0000000085200000, 0x0000000085300ba0, 0x0000000100000000)
  region size 1024K, 6 young (6144K), 6 survivors (6144K)
 Metaspace       used 10494K, capacity 11094K, committed 11392K, reserved 1058816K
  class space    used 989K, capacity 1099K, committed 1152K, reserved 1048576K
GC Heap History (10 events):
Event: 2.886 GC heap after
{Heap after GC invocations=1 (full 0):
 garbage-first heap   total 126976K, used 2648K [0x0000000085200000, 0x00000000853003e0, 0x0000000100000000)
  region size 1024K, 2 young (2048K), 2 survivors (2048K)
 Metaspace       used 10239K, capacity 10826K, committed 10880K, reserved 1058816K
  class space    used 983K, capacity 1099K, committed 1152K, reserved 1048576K
}
Event: 3.131 GC heap before
{Heap before GC invocations=1 (full 0):
 garbage-first heap   total 126976K, used 35416K [0x0000000085200000, 0x00000000853003e0, 0x0000000100000000)
  region size 1024K, 34 young (34816K), 2 survivors (2048K)
 Metaspace       used 10367K, capacity 10966K, committed 11136K, reserved 1058816K
  class space    used 983K, capacity 1099K, committed 1152K, reserved 1048576K
}
Event: 3.145 GC heap after
{Heap after GC invocations=2 (full 0):
 garbage-first heap   total 126976K, used 5318K [0x0000000085200000, 0x00000000853003e0, 0x0000000100000000)
  region size 1024K, 5 young (5120K), 5 survivors (5120K)
 Metaspace       used 10367K, capacity 10966K, committed 11136K, reserved 1058816K
  class space    used 983K, capacity 1099K, committed 1152K, reserved 1048576K
}
Event: 4.255 GC heap before
{Heap before GC invocations=2 (full 0):
 garbage-first heap   total 126976K, used 44230K [0x0000000085200000, 0x00000000853003e0, 0x0000000100000000)
  region size 1024K, 43 young (44032K), 5 survivors (5120K)
 Metaspace       used 10437K, capacity 11030K, committed 11136K, reserved 1058816K
  class space    used 985K, capacity 1099K, committed 1152K, reserved 1048576K
}
Event: 4.273 GC heap after
{Heap after GC invocations=3 (full 0):
 garbage-first heap   total 126976K, used 6325K [0x0000000085200000, 0x00000000853003e0, 0x0000000100000000)
  region size 1024K, 4 young (4096K), 4 survivors (4096K)
 Metaspace       used 10437K, capacity 11030K, committed 11136K, reserved 1058816K
  class space    used 985K, capacity 1099K, committed 1152K, reserved 1048576K
}
Event: 4.439 GC heap before
{Heap before GC invocations=3 (full 0):
 garbage-first heap   total 126976K, used 56501K [0x0000000085200000, 0x00000000853003e0, 0x0000000100000000)
  region size 1024K, 53 young (54272K), 4 survivors (4096K)
 Metaspace       used 10446K, capacity 11030K, committed 11136K, reserved 1058816K
  class space    used 985K, capacity 1099K, committed 1152K, reserved 1048576K
}
Event: 4.444 GC heap after
{Heap after GC invocations=4 (full 0):
 garbage-first heap   total 126976K, used 7486K [0x0000000085200000, 0x00000000853003e0, 0x0000000100000000)
  region size 1024K, 5 young (5120K), 5 survivors (5120K)
 Metaspace       used 10446K, capacity 11030K, committed 11136K, reserved 1058816K
  class space    used 985K, capacity 1099K, committed 1152K, reserved 1048576K
}
Event: 5.475 GC heap before
{Heap before GC invocations=4 (full 0):
 garbage-first heap   total 126976K, used 74046K [0x0000000085200000, 0x00000000853003e0, 0x0000000100000000)
  region size 1024K, 70 young (71680K), 5 survivors (5120K)
 Metaspace       used 10489K, capacity 11094K, committed 11392K, reserved 1058816K
  class space    used 989K, capacity 1099K, committed 1152K, reserved 1048576K
}
Event: 5.489 GC heap after
{Heap after GC invocations=5 (full 0):
 garbage-first heap   total 126976K, used 13769K [0x0000000085200000, 0x00000000853003e0, 0x0000000100000000)
  region size 1024K, 9 young (9216K), 9 survivors (9216K)
 Metaspace       used 10489K, capacity 11094K, committed 11392K, reserved 1058816K
  class space    used 989K, capacity 1099K, committed 1152K, reserved 1048576K
}
Event: 6.414 GC heap before
{Heap before GC invocations=5 (full 0):
 garbage-first heap   total 126976K, used 80329K [0x0000000085200000, 0x00000000853003e0, 0x0000000100000000)
  region size 1024K, 74 young (75776K), 9 survivors (9216K)
 Metaspace       used 10494K, capacity 11094K, committed 11392K, reserved 1058816K
  class space    used 989K, capacity 1099K, committed 1152K, reserved 1048576K
}

