# JRE version: Java(TM) SE Runtime Environment (9.0+11) (build 9.0.4+11)
# Java VM: Java HotSpot(TM) 64-Bit Server VM (9.0.4+11, mixed mode, tiered, compressed oops, g1 gc, linux-amd64)
Heap:
 garbage-first heap   total 380928K, used 16977K [0x0000000085200000, 0x0000000085300ba0, 0x0000000100000000)
  region size 1024K, 6 young (6144K), 6 survivors (6144K)
 Metaspace       used 10480K, capacity 11086K, committed 11392K, reserved 1058816K
  class space    used 984K, capacity 1099K, committed 1152K, reserved 1048576K
GC Heap History (10 events):
Event: 9.893 GC heap after
{Heap after GC invocations=5 (full 0):
 garbage-first heap   total 126976K, used 10038K [0x0000000085200000, 0x00000000853003e0, 0x0000000100000000)
  region size 1024K, 8 young (8192K), 8 survivors (8192K)
 Metaspace       used 10470K, capacity 11022K, committed 11136K, reserved 1058816K
  class space    used 984K, capacity 1099K, committed 1152K, reserved 1048576K
}
Event: 12.327 GC heap before
{Heap before GC invocations=5 (full 0):
 garbage-first heap   total 126976K, used 77622K [0x0000000085200000, 0x00000000853003e0, 0x0000000100000000)
  region size 1024K, 74 young (75776K), 8 survivors (8192K)
 Metaspace       used 10480K, capacity 11086K, committed 11392K, reserved 1058816K
  class space    used 984K, capacity 1099K, committed 1152K, reserved 1048576K
}
Event: 12.336 GC heap after
{Heap after GC invocations=6 (full 0):
 garbage-first heap   total 126976K, used 11576K [0x0000000085200000, 0x00000000853003e0, 0x0000000100000000)
  region size 1024K, 7 young (7168K), 7 survivors (7168K)
 Metaspace       used 10480K, capacity 11086K, committed 11392K, reserved 1058816K
  class space    used 984K, capacity 1099K, committed 1152K, reserved 1048576K
}
Event: 13.350 GC heap before
{Heap before GC invocations=6 (full 0):
 garbage-first heap   total 126976K, used 80184K [0x0000000085200000, 0x00000000853003e0, 0x0000000100000000)
  region size 1024K, 74 young (75776K), 7 survivors (7168K)
 Metaspace       used 10480K, capacity 11086K, committed 11392K, reserved 1058816K
  class space    used 984K, capacity 1099K, committed 1152K, reserved 1048576K
}
Event: 13.377 GC heap after
{Heap after GC invocations=7 (full 0):
 garbage-first heap   total 126976K, used 13088K [0x0000000085200000, 0x00000000853003e0, 0x0000000100000000)
  region size 1024K, 6 young (6144K), 6 survivors (6144K)
 Metaspace       used 10480K, capacity 11086K, committed 11392K, reserved 1058816K
  class space    used 984K, capacity 1099K, committed 1152K, reserved 1048576K
}
Event: 14.799 GC heap before
{Heap before GC invocations=7 (full 0):
 garbage-first heap   total 126976K, used 82720K [0x0000000085200000, 0x00000000853003e0, 0x0000000100000000)
  region size 1024K, 74 young (75776K), 6 survivors (6144K)
 Metaspace       used 10480K, capacity 11086K, committed 11392K, reserved 1058816K
  class space    used 984K, capacity 1099K, committed 1152K, reserved 1048576K
}
Event: 14.816 GC heap after
{Heap after GC invocations=8 (full 0):
 garbage-first heap   total 126976K, used 14742K [0x0000000085200000, 0x00000000853003e0, 0x0000000100000000)
  region size 1024K, 5 young (5120K), 5 survivors (5120K)
 Metaspace       used 10480K, capacity 11086K, committed 11392K, reserved 1058816K
  class space    used 984K, capacity 1099K, committed 1152K, reserved 1048576K
}
Event: 16.336 GC heap before
{Heap before GC invocations=8 (full 0):
 garbage-first heap   total 126976K, used 85398K [0x0000000085200000, 0x00000000853003e0, 0x0000000100000000)
  region size 1024K, 74 young (75776K), 5 survivors (5120K)
 Metaspace       used 10480K, capacity 11086K, committed 11392K, reserved 1058816K
  class space    used 984K, capacity 1099K, committed 1152K, reserved 1048576K
}
Event: 16.356 GC heap after
{Heap after GC invocations=9 (full 0):
 garbage-first heap   total 126976K, used 16129K [0x0000000085200000, 0x00000000853003e0, 0x0000000100000000)
  region size 1024K, 6 young (6144K), 6 survivors (6144K)
 Metaspace       used 10480K, capacity 11086K, committed 11392K, reserved 1058816K
  class space    used 984K, capacity 1099K, committed 1152K, reserved 1048576K
}
Event: 18.889 GC heap before
{Heap before GC invocations=9 (full 0):
 garbage-first heap   total 126976K, used 85761K [0x0000000085200000, 0x00000000853003e0, 0x0000000100000000)
  region size 1024K, 74 young (75776K), 6 survivors (6144K)
 Metaspace       used 10480K, capacity 11086K, committed 11392K, reserved 1058816K
  class space    used 984K, capacity 1099K, committed 1152K, reserved 1048576K
}

